<?xml version="1.0" encoding="UTF-8"?>
<testng-results ignored="0" total="1" passed="1" failed="0" skipped="0">
  <reporter-output>
  </reporter-output>
  <suite started-at="2025-03-29T11:49:17 IST" name="Default suite" finished-at="2025-03-29T11:49:17 IST" duration-ms="139">
    <groups>
    </groups>
    <test started-at="2025-03-29T11:49:17 IST" name="Default test" finished-at="2025-03-29T11:49:17 IST" duration-ms="139">
      <class name="githpackage.DemoClass">
        <test-method signature="testMethod()[pri:0, instance:githpackage.DemoClass@3c46e67a]" started-at="2025-03-29T11:49:17 IST" name="testMethod" finished-at="2025-03-29T11:49:17 IST" duration-ms="26" status="PASS">
          <reporter-output>
          </reporter-output>
        </test-method> <!-- testMethod -->
      </class> <!-- githpackage.DemoClass -->
    </test> <!-- Default test -->
  </suite> <!-- Default suite -->
</testng-results>
